#-----------------------------------------------------------
# Vivado v2019.2 (64-bit)
# SW Build 2708876 on Wed Nov  6 21:40:23 MST 2019
# IP Build 2700528 on Thu Nov  7 00:09:20 MST 2019
# Start of session at: Wed Jan  4 12:07:17 2023
# Process ID: 17716
# Current directory: D:/ele_match/FPGA_filter/filter_lowpass
# Command line: vivado.exe -gui_launcher_event rodinguilauncherevent10944 D:\ele_match\FPGA_filter\filter_lowpass\filter_lowpass.xpr
# Log file: D:/ele_match/FPGA_filter/filter_lowpass/vivado.log
# Journal file: D:/ele_match/FPGA_filter/filter_lowpass\vivado.jou
#-----------------------------------------------------------
start_gui
open_project D:/ele_match/FPGA_filter/filter_lowpass/filter_lowpass.xpr
Scanning sources...
Finished scanning sources
INFO: [IP_Flow 19-234] Refreshing IP repositories
INFO: [IP_Flow 19-1704] No user IP repositories specified
INFO: [IP_Flow 19-2313] Loaded Vivado IP repository 'E:/vivado/Vivado/2019.2/data/ip'.
open_project: Time (s): cpu = 00:00:13 ; elapsed = 00:00:07 . Memory (MB): peak = 929.445 ; gain = 272.418
update_compile_order -fileset sources_1
exit
INFO: [Common 17-206] Exiting Vivado at Wed Jan  4 19:41:07 2023...
